2021-08-01 18:38:47.182 ERROR 17600 --- [main] lavalink.server.Launcher                 : Application failed

java.lang.UnsupportedClassVersionError: lavalink/server/info/AppInfo has been compiled by a more recent version of the Java Runtime (class file version 55.0), this version of the Java Runtime only recognizes class file versions up to 52.0
	at java.lang.ClassLoader.defineClass1(Native Method) ~[na:1.8.0_271]
	at java.lang.ClassLoader.defineClass(Unknown Source) ~[na:1.8.0_271]
	at java.security.SecureClassLoader.defineClass(Unknown Source) ~[na:1.8.0_271]
	at java.net.URLClassLoader.defineClass(Unknown Source) ~[na:1.8.0_271]
	at java.net.URLClassLoader.access$100(Unknown Source) ~[na:1.8.0_271]
	at java.net.URLClassLoader$1.run(Unknown Source) ~[na:1.8.0_271]
	at java.net.URLClassLoader$1.run(Unknown Source) ~[na:1.8.0_271]
	at java.security.AccessController.doPrivileged(Native Method) ~[na:1.8.0_271]
	at java.net.URLClassLoader.findClass(Unknown Source) ~[na:1.8.0_271]
	at java.lang.ClassLoader.loadClass(Unknown Source) ~[na:1.8.0_271]
	at org.springframework.boot.loader.LaunchedURLClassLoader.loadClass(LaunchedURLClassLoader.java:93) ~[Lavalink.jar:na]
	at java.lang.ClassLoader.loadClass(Unknown Source) ~[na:1.8.0_271]
	at lavalink.server.Launcher.getVersionInfo(Launcher.kt:50) [classes!/:na]
	at lavalink.server.Launcher.getVersionInfo$default(Launcher.kt:49) [classes!/:na]
	at lavalink.server.Launcher$main$1.onApplicationEvent(Launcher.kt:118) ~[classes!/:na]
	at lavalink.server.Launcher$main$1.onApplicationEvent(Launcher.kt:43) ~[classes!/:na]
	at org.springframework.context.event.SimpleApplicationEventMulticaster.doInvokeListener(SimpleApplicationEventMulticaster.java:172) ~[spring-context-5.1.9.RELEASE.jar!/:5.1.9.RELEASE]
	at org.springframework.context.event.SimpleApplicationEventMulticaster.invokeListener(SimpleApplicationEventMulticaster.java:165) ~[spring-context-5.1.9.RELEASE.jar!/:5.1.9.RELEASE]
	at org.springframework.context.event.SimpleApplicationEventMulticaster.multicastEvent(SimpleApplicationEventMulticaster.java:139) ~[spring-context-5.1.9.RELEASE.jar!/:5.1.9.RELEASE]
	at org.springframework.context.event.SimpleApplicationEventMulticaster.multicastEvent(SimpleApplicationEventMulticaster.java:127) ~[spring-context-5.1.9.RELEASE.jar!/:5.1.9.RELEASE]
	at org.springframework.boot.context.event.EventPublishingRunListener.environmentPrepared(EventPublishingRunListener.java:76) ~[spring-boot-2.1.8.RELEASE.jar!/:2.1.8.RELEASE]
	at org.springframework.boot.SpringApplicationRunListeners.environmentPrepared(SpringApplicationRunListeners.java:53) ~[spring-boot-2.1.8.RELEASE.jar!/:2.1.8.RELEASE]
	at org.springframework.boot.SpringApplication.prepareEnvironment(SpringApplication.java:342) ~[spring-boot-2.1.8.RELEASE.jar!/:2.1.8.RELEASE]
	at org.springframework.boot.SpringApplication.run(SpringApplication.java:305) ~[spring-boot-2.1.8.RELEASE.jar!/:2.1.8.RELEASE]
	at lavalink.server.Launcher.main(Launcher.kt:127) [classes!/:na]
	at sun.reflect.NativeMethodAccessorImpl.invoke0(Native Method) ~[na:1.8.0_271]
	at sun.reflect.NativeMethodAccessorImpl.invoke(Unknown Source) ~[na:1.8.0_271]
	at sun.reflect.DelegatingMethodAccessorImpl.invoke(Unknown Source) ~[na:1.8.0_271]
	at java.lang.reflect.Method.invoke(Unknown Source) ~[na:1.8.0_271]
	at org.springframework.boot.loader.MainMethodRunner.run(MainMethodRunner.java:48) [Lavalink.jar:na]
	at org.springframework.boot.loader.Launcher.launch(Launcher.java:87) [Lavalink.jar:na]
	at org.springframework.boot.loader.Launcher.launch(Launcher.java:51) [Lavalink.jar:na]
	at org.springframework.boot.loader.JarLauncher.main(JarLauncher.java:52) [Lavalink.jar:na]

2021-08-01 18:38:47.272 ERROR 17600 --- [main] o.s.boot.SpringApplication               : Application run failed

java.lang.UnsupportedClassVersionError: lavalink/server/info/AppInfo has been compiled by a more recent version of the Java Runtime (class file version 55.0), this version of the Java Runtime only recognizes class file versions up to 52.0
	at java.lang.ClassLoader.defineClass1(Native Method) ~[na:1.8.0_271]
	at java.lang.ClassLoader.defineClass(Unknown Source) ~[na:1.8.0_271]
	at java.security.SecureClassLoader.defineClass(Unknown Source) ~[na:1.8.0_271]
	at java.net.URLClassLoader.defineClass(Unknown Source) ~[na:1.8.0_271]
	at java.net.URLClassLoader.access$100(Unknown Source) ~[na:1.8.0_271]
	at java.net.URLClassLoader$1.run(Unknown Source) ~[na:1.8.0_271]
	at java.net.URLClassLoader$1.run(Unknown Source) ~[na:1.8.0_271]
	at java.security.AccessController.doPrivileged(Native Method) ~[na:1.8.0_271]
	at java.net.URLClassLoader.findClass(Unknown Source) ~[na:1.8.0_271]
	at java.lang.ClassLoader.loadClass(Unknown Source) ~[na:1.8.0_271]
	at org.springframework.boot.loader.LaunchedURLClassLoader.loadClass(LaunchedURLClassLoader.java:93) ~[Lavalink.jar:na]
	at java.lang.ClassLoader.loadClass(Unknown Source) ~[na:1.8.0_271]
	at lavalink.server.Launcher.getVersionInfo(Launcher.kt:50) [classes!/:na]
	at lavalink.server.Launcher.getVersionInfo$default(Launcher.kt:49) [classes!/:na]
	at lavalink.server.Launcher$main$1.onApplicationEvent(Launcher.kt:118) ~[classes!/:na]
	at lavalink.server.Launcher$main$1.onApplicationEvent(Launcher.kt:43) ~[classes!/:na]
	at org.springframework.context.event.SimpleApplicationEventMulticaster.doInvokeListener(SimpleApplicationEventMulticaster.java:172) ~[spring-context-5.1.9.RELEASE.jar!/:5.1.9.RELEASE]
	at org.springframework.context.event.SimpleApplicationEventMulticaster.invokeListener(SimpleApplicationEventMulticaster.java:165) ~[spring-context-5.1.9.RELEASE.jar!/:5.1.9.RELEASE]
	at org.springframework.context.event.SimpleApplicationEventMulticaster.multicastEvent(SimpleApplicationEventMulticaster.java:139) ~[spring-context-5.1.9.RELEASE.jar!/:5.1.9.RELEASE]
	at org.springframework.context.event.SimpleApplicationEventMulticaster.multicastEvent(SimpleApplicationEventMulticaster.java:127) ~[spring-context-5.1.9.RELEASE.jar!/:5.1.9.RELEASE]
	at org.springframework.boot.context.event.EventPublishingRunListener.environmentPrepared(EventPublishingRunListener.java:76) ~[spring-boot-2.1.8.RELEASE.jar!/:2.1.8.RELEASE]
	at org.springframework.boot.SpringApplicationRunListeners.environmentPrepared(SpringApplicationRunListeners.java:53) ~[spring-boot-2.1.8.RELEASE.jar!/:2.1.8.RELEASE]
	at org.springframework.boot.SpringApplication.prepareEnvironment(SpringApplication.java:342) ~[spring-boot-2.1.8.RELEASE.jar!/:2.1.8.RELEASE]
	at org.springframework.boot.SpringApplication.run(SpringApplication.java:305) ~[spring-boot-2.1.8.RELEASE.jar!/:2.1.8.RELEASE]
	at lavalink.server.Launcher.main(Launcher.kt:127) [classes!/:na]
	at sun.reflect.NativeMethodAccessorImpl.invoke0(Native Method) ~[na:1.8.0_271]
	at sun.reflect.NativeMethodAccessorImpl.invoke(Unknown Source) ~[na:1.8.0_271]
	at sun.reflect.DelegatingMethodAccessorImpl.invoke(Unknown Source) ~[na:1.8.0_271]
	at java.lang.reflect.Method.invoke(Unknown Source) ~[na:1.8.0_271]
	at org.springframework.boot.loader.MainMethodRunner.run(MainMethodRunner.java:48) [Lavalink.jar:na]
	at org.springframework.boot.loader.Launcher.launch(Launcher.java:87) [Lavalink.jar:na]
	at org.springframework.boot.loader.Launcher.launch(Launcher.java:51) [Lavalink.jar:na]
	at org.springframework.boot.loader.JarLauncher.main(JarLauncher.java:52) [Lavalink.jar:na]

2021-08-01 18:39:47.085  INFO 2572 --- [main] lavalink.server.Launcher                 : 

[32m       .  [31m _                  _ _       _    [32m__ _ _
[32m      /\\ [31m| | __ ___   ____ _| (_)_ __ | | __[32m\ \ \ \
[32m     ( ( )[31m| |/ _` \ \ / / _` | | | '_ \| |/ /[32m \ \ \ \
[32m      \\/ [31m| | (_| |\ V / (_| | | | | | |   < [32m  ) ) ) )
[32m       '  [31m|_|\__,_| \_/ \__,_|_|_|_| |_|_|\_\[32m / / / /
[0m    =========================================[32m/_/_/_/[0m

	Version:        3.3.2.5
	Build:          1222
	Build time:     11.04.2021 08:07:27 UTC
	Branch          master
	Commit:         7b914f2
	Commit time:    09.04.2021 17:14:27 UTC
	JVM:            13.0.2
	Lavaplayer      1.3.76

2021-08-01 18:39:47.288  INFO 2572 --- [main] lavalink.server.Launcher                 : Starting Launcher on Kasune with PID 2572 (C:\Users\Water\Desktop\bot\Kit Kasune\lava\Lavalink.jar started by Wubzy in C:\Users\Water\Desktop\bot\Kit Kasune\lava)
2021-08-01 18:39:47.291  INFO 2572 --- [main] lavalink.server.Launcher                 : No active profile set, falling back to default profiles: default
2021-08-01 18:39:47.388  WARN 2572 --- [background-preinit] o.s.h.c.j.Jackson2ObjectMapperBuilder    : For Jackson Kotlin classes support please add "com.fasterxml.jackson.module:jackson-module-kotlin" to the classpath
2021-08-01 18:39:49.690  WARN 2572 --- [main] io.undertow.websockets.jsr               : UT026010: Buffer pool was not set on WebSocketDeploymentInfo, the default pool will be used
2021-08-01 18:39:49.745  INFO 2572 --- [main] io.undertow.servlet                      : Initializing Spring embedded WebApplicationContext
2021-08-01 18:39:49.746  INFO 2572 --- [main] o.s.web.context.ContextLoader            : Root WebApplicationContext: initialization completed in 2382 ms
2021-08-01 18:39:50.430  WARN 2572 --- [main] l.server.config.SentryConfiguration      : Turning off sentry
2021-08-01 18:39:50.971  INFO 2572 --- [main] c.s.d.l.tools.GarbageCollectionMonitor   : GC monitoring enabled, reporting results every 2 minutes.
2021-08-01 18:39:51.869  INFO 2572 --- [main] lavalink.server.config.KoeConfiguration  : OS: Windows 10, Arch: amd64
2021-08-01 18:39:51.870  WARN 2572 --- [main] lavalink.server.config.KoeConfiguration  : This system and architecture appears to not support native audio sending! GC pauses may cause your bot to stutter during playback.
2021-08-01 18:39:52.287  INFO 2572 --- [main] o.s.s.concurrent.ThreadPoolTaskExecutor  : Initializing ExecutorService 'applicationTaskExecutor'
2021-08-01 18:39:52.997  INFO 2572 --- [main] org.xnio                                 : XNIO version 3.3.8.Final
2021-08-01 18:39:53.022  INFO 2572 --- [main] org.xnio.nio                             : XNIO NIO Implementation Version 3.3.8.Final
2021-08-01 18:39:53.135  INFO 2572 --- [main] o.s.b.w.e.u.UndertowServletWebServer     : Undertow started on port(s) 9027 (http) with context path ''
2021-08-01 18:39:53.141  INFO 2572 --- [main] lavalink.server.Launcher                 : Started Launcher in 7.073 seconds (JVM running for 7.898)
2021-08-01 18:39:53.146  INFO 2572 --- [main] lavalink.server.Launcher                 : You can safely ignore the big red warning about illegal reflection. See https://github.com/Frederikam/Lavalink/issues/295
2021-08-01 18:42:17.091  INFO 2572 --- [Thread-1] o.s.s.concurrent.ThreadPoolTaskExecutor  : Shutting down ExecutorService 'applicationTaskExecutor'
2021-08-01 18:42:17.093  INFO 2572 --- [Thread-1] c.s.d.l.tools.GarbageCollectionMonitor   : GC monitoring disabled.
2021-08-01 18:42:39.040  INFO 14432 --- [main] lavalink.server.Launcher                 : 

[32m       .  [31m _                  _ _       _    [32m__ _ _
[32m      /\\ [31m| | __ ___   ____ _| (_)_ __ | | __[32m\ \ \ \
[32m     ( ( )[31m| |/ _` \ \ / / _` | | | '_ \| |/ /[32m \ \ \ \
[32m      \\/ [31m| | (_| |\ V / (_| | | | | | |   < [32m  ) ) ) )
[32m       '  [31m|_|\__,_| \_/ \__,_|_|_|_| |_|_|\_\[32m / / / /
[0m    =========================================[32m/_/_/_/[0m

	Version:        3.3.2.5
	Build:          1222
	Build time:     11.04.2021 08:07:27 UTC
	Branch          master
	Commit:         7b914f2
	Commit time:    09.04.2021 17:14:27 UTC
	JVM:            13.0.2
	Lavaplayer      1.3.76

2021-08-01 18:42:39.208  INFO 14432 --- [main] lavalink.server.Launcher                 : Starting Launcher on Kasune with PID 14432 (C:\Users\Water\Desktop\bot\Kit Kasune\lava\Lavalink.jar started by Wubzy in C:\Users\Water\Desktop\bot\Kit Kasune\lava)
2021-08-01 18:42:39.209  INFO 14432 --- [main] lavalink.server.Launcher                 : No active profile set, falling back to default profiles: default
2021-08-01 18:42:39.407  WARN 14432 --- [background-preinit] o.s.h.c.j.Jackson2ObjectMapperBuilder    : For Jackson Kotlin classes support please add "com.fasterxml.jackson.module:jackson-module-kotlin" to the classpath
2021-08-01 18:42:41.831  WARN 14432 --- [main] io.undertow.websockets.jsr               : UT026010: Buffer pool was not set on WebSocketDeploymentInfo, the default pool will be used
2021-08-01 18:42:41.874  INFO 14432 --- [main] io.undertow.servlet                      : Initializing Spring embedded WebApplicationContext
2021-08-01 18:42:41.874  INFO 14432 --- [main] o.s.web.context.ContextLoader            : Root WebApplicationContext: initialization completed in 2571 ms
2021-08-01 18:42:42.544  WARN 14432 --- [main] l.server.config.SentryConfiguration      : Turning off sentry
2021-08-01 18:42:43.092  INFO 14432 --- [main] c.s.d.l.tools.GarbageCollectionMonitor   : GC monitoring enabled, reporting results every 2 minutes.
2021-08-01 18:42:43.687  INFO 14432 --- [main] lavalink.server.config.KoeConfiguration  : OS: Windows 10, Arch: amd64
2021-08-01 18:42:43.688  WARN 14432 --- [main] lavalink.server.config.KoeConfiguration  : This system and architecture appears to not support native audio sending! GC pauses may cause your bot to stutter during playback.
2021-08-01 18:42:44.156  INFO 14432 --- [main] o.s.s.concurrent.ThreadPoolTaskExecutor  : Initializing ExecutorService 'applicationTaskExecutor'
2021-08-01 18:42:44.701  INFO 14432 --- [main] org.xnio                                 : XNIO version 3.3.8.Final
2021-08-01 18:42:44.731  INFO 14432 --- [main] org.xnio.nio                             : XNIO NIO Implementation Version 3.3.8.Final
2021-08-01 18:42:44.858  INFO 14432 --- [main] o.s.b.w.e.u.UndertowServletWebServer     : Undertow started on port(s) 9027 (http) with context path ''
2021-08-01 18:42:44.867  INFO 14432 --- [main] lavalink.server.Launcher                 : Started Launcher in 6.625 seconds (JVM running for 7.391)
2021-08-01 18:42:44.870  INFO 14432 --- [main] lavalink.server.Launcher                 : You can safely ignore the big red warning about illegal reflection. See https://github.com/Frederikam/Lavalink/issues/295
2021-08-01 18:47:19.921  INFO 14432 --- [Thread-1] o.s.s.concurrent.ThreadPoolTaskExecutor  : Shutting down ExecutorService 'applicationTaskExecutor'
2021-08-01 18:47:19.922  INFO 14432 --- [Thread-1] c.s.d.l.tools.GarbageCollectionMonitor   : GC monitoring disabled.
